0 info it worked if it ends with ok
1 verbose cli [ '/usr/bin/node', '/usr/bin/npm', 'run', 'build' ]
2 info using npm@3.5.2
3 info using node@v8.10.0
4 verbose run-script [ 'prebuild', 'build', 'postbuild' ]
5 info lifecycle bomber-royale@0.1.0~prebuild: bomber-royale@0.1.0
6 silly lifecycle bomber-royale@0.1.0~prebuild: no script for prebuild, continuing
7 info lifecycle bomber-royale@0.1.0~build: bomber-royale@0.1.0
8 verbose lifecycle bomber-royale@0.1.0~build: unsafe-perm in lifecycle true
9 verbose lifecycle bomber-royale@0.1.0~build: PATH: /usr/share/npm/bin/node-gyp-bin:/home/daniel/Documents/BomberRoyale/node_modules/.bin:/home/daniel/.local/bin:/usr/local/sbin:/usr/local/bin:/usr/sbin:/usr/bin:/sbin:/bin:/usr/games:/usr/local/games:/snap/bin:/home/daniel/.dotnet/tools
10 verbose lifecycle bomber-royale@0.1.0~build: CWD: /home/daniel/Documents/BomberRoyale
11 silly lifecycle bomber-royale@0.1.0~build: Args: [ '-c', 'webpack --progress --colors --display-modules' ]
12 silly lifecycle bomber-royale@0.1.0~build: Returned: code: 1  signal: null
13 info lifecycle bomber-royale@0.1.0~build: Failed to exec build script
14 verbose stack Error: bomber-royale@0.1.0 build: `webpack --progress --colors --display-modules`
14 verbose stack Exit status 1
14 verbose stack     at EventEmitter.<anonymous> (/usr/share/npm/lib/utils/lifecycle.js:232:16)
14 verbose stack     at emitTwo (events.js:126:13)
14 verbose stack     at EventEmitter.emit (events.js:214:7)
14 verbose stack     at ChildProcess.<anonymous> (/usr/share/npm/lib/utils/spawn.js:24:14)
14 verbose stack     at emitTwo (events.js:126:13)
14 verbose stack     at ChildProcess.emit (events.js:214:7)
14 verbose stack     at maybeClose (internal/child_process.js:925:16)
14 verbose stack     at Process.ChildProcess._handle.onexit (internal/child_process.js:209:5)
15 verbose pkgid bomber-royale@0.1.0
16 verbose cwd /home/daniel/Documents/BomberRoyale
17 error Linux 4.15.0-32-generic
18 error argv "/usr/bin/node" "/usr/bin/npm" "run" "build"
19 error node v8.10.0
20 error npm  v3.5.2
21 error code ELIFECYCLE
22 error bomber-royale@0.1.0 build: `webpack --progress --colors --display-modules`
22 error Exit status 1
23 error Failed at the bomber-royale@0.1.0 build script 'webpack --progress --colors --display-modules'.
23 error Make sure you have the latest version of node.js and npm installed.
23 error If you do, this is most likely a problem with the bomber-royale package,
23 error not with npm itself.
23 error Tell the author that this fails on your system:
23 error     webpack --progress --colors --display-modules
23 error You can get information on how to open an issue for this project with:
23 error     npm bugs bomber-royale
23 error Or if that isn't available, you can get their info via:
23 error     npm owner ls bomber-royale
23 error There is likely additional logging output above.
24 verbose exit [ 1, true ]
